<?xml version="1.0" encoding="UTF-8"?>
<coverage generated="1505267334418" clover="3.2.0">
  <project timestamp="1505267334418" name="All files">
    <metrics statements="179" coveredstatements="129" conditionals="35" coveredconditionals="13" methods="59" coveredmethods="32" elements="273" coveredelements="174" complexity="0" loc="179" ncloc="179" packages="4" files="10" classes="10">
      <package name="__test__.lib">
        <metrics statements="26" coveredstatements="20" conditionals="0" coveredconditionals="0" methods="10" coveredmethods="5"/>
        <file name="jest-setup.js" path="/Users/maddys87/codefellows/401/week4/labs/17-bearer-auth/lab-maddy/__test__/lib/jest-setup.js">
          <metrics statements="1" coveredstatements="1" conditionals="0" coveredconditionals="0" methods="0" coveredmethods="0"/>
          <line num="3" count="2" type="stmt"/>
        </file>
        <file name="mocks.js" path="/Users/maddys87/codefellows/401/week4/labs/17-bearer-auth/lab-maddy/__test__/lib/mocks.js">
          <metrics statements="25" coveredstatements="19" conditionals="0" coveredconditionals="0" methods="10" coveredmethods="5"/>
          <line num="3" count="2" type="stmt"/>
          <line num="4" count="2" type="stmt"/>
          <line num="5" count="2" type="stmt"/>
          <line num="7" count="2" type="stmt"/>
          <line num="8" count="2" type="stmt"/>
          <line num="9" count="2" type="stmt"/>
          <line num="11" count="2" type="stmt"/>
          <line num="12" count="2" type="stmt"/>
          <line num="13" count="2" type="stmt"/>
          <line num="15" count="2" type="stmt"/>
          <line num="20" count="2" type="stmt"/>
          <line num="22" count="2" type="stmt"/>
          <line num="23" count="2" type="stmt"/>
          <line num="25" count="2" type="stmt"/>
          <line num="27" count="0" type="stmt"/>
          <line num="28" count="0" type="stmt"/>
          <line num="32" count="2" type="stmt"/>
          <line num="35" count="0" type="stmt"/>
          <line num="36" count="0" type="stmt"/>
          <line num="38" count="0" type="stmt"/>
          <line num="44" count="0" type="stmt"/>
          <line num="47" count="2" type="stmt"/>
          <line num="48" count="5" type="stmt"/>
          <line num="53" count="2" type="stmt"/>
          <line num="54" count="10" type="stmt"/>
        </file>
      </package>
      <package name="lib">
        <metrics statements="74" coveredstatements="54" conditionals="27" coveredconditionals="12" methods="13" coveredmethods="10"/>
        <file name="basic-auth-middleware.js" path="/Users/maddys87/codefellows/401/week4/labs/17-bearer-auth/lab-maddy/lib/basic-auth-middleware.js">
          <metrics statements="13" coveredstatements="3" conditionals="8" coveredconditionals="0" methods="1" coveredmethods="0"/>
          <line num="3" count="2" type="stmt"/>
          <line num="4" count="2" type="stmt"/>
          <line num="6" count="2" type="stmt"/>
          <line num="7" count="0" type="stmt"/>
          <line num="10" count="0" type="stmt"/>
          <line num="11" count="0" type="cond" truecount="0" falsecount="2"/>
          <line num="14" count="0" type="stmt"/>
          <line num="15" count="0" type="cond" truecount="0" falsecount="2"/>
          <line num="17" count="0" type="stmt"/>
          <line num="19" count="0" type="stmt"/>
          <line num="21" count="0" type="cond" truecount="0" falsecount="2"/>
          <line num="22" count="0" type="cond" truecount="0" falsecount="2"/>
          <line num="24" count="0" type="stmt"/>
        </file>
        <file name="bearer-auth-middleware.js" path="/Users/maddys87/codefellows/401/week4/labs/17-bearer-auth/lab-maddy/lib/bearer-auth-middleware.js">
          <metrics statements="19" coveredstatements="14" conditionals="6" coveredconditionals="4" methods="4" coveredmethods="2"/>
          <line num="3" count="2" type="stmt"/>
          <line num="4" count="2" type="stmt"/>
          <line num="5" count="2" type="stmt"/>
          <line num="6" count="2" type="stmt"/>
          <line num="8" count="2" type="stmt"/>
          <line num="9" count="2" type="stmt"/>
          <line num="11" count="2" type="stmt"/>
          <line num="12" count="2" type="cond" truecount="2" falsecount="0"/>
          <line num="14" count="1" type="stmt"/>
          <line num="15" count="1" type="cond" truecount="1" falsecount="1"/>
          <line num="17" count="1" type="stmt"/>
          <line num="18" count="1" type="cond" truecount="1" falsecount="1"/>
          <line num="19" count="1" type="stmt"/>
          <line num="20" count="1" type="stmt"/>
          <line num="23" count="0" type="stmt"/>
          <line num="25" count="0" type="stmt"/>
          <line num="26" count="0" type="stmt"/>
          <line num="27" count="0" type="stmt"/>
          <line num="29" count="0" type="stmt"/>
        </file>
        <file name="error-handler.js" path="/Users/maddys87/codefellows/401/week4/labs/17-bearer-auth/lab-maddy/lib/error-handler.js">
          <metrics statements="10" coveredstatements="7" conditionals="5" coveredconditionals="2" methods="1" coveredmethods="1"/>
          <line num="3" count="2" type="stmt"/>
          <line num="5" count="2" type="stmt"/>
          <line num="6" count="3" type="stmt"/>
          <line num="8" count="3" type="stmt"/>
          <line num="10" count="3" type="cond" truecount="2" falsecount="3"/>
          <line num="11" count="2" type="stmt"/>
          <line num="12" count="0" type="stmt"/>
          <line num="13" count="0" type="stmt"/>
          <line num="14" count="0" type="stmt"/>
          <line num="15" count="1" type="stmt"/>
        </file>
        <file name="server.js" path="/Users/maddys87/codefellows/401/week4/labs/17-bearer-auth/lab-maddy/lib/server.js">
          <metrics statements="32" coveredstatements="30" conditionals="8" coveredconditionals="6" methods="7" coveredmethods="7"/>
          <line num="3" count="2" type="stmt"/>
          <line num="6" count="2" type="stmt"/>
          <line num="7" count="2" type="stmt"/>
          <line num="8" count="2" type="stmt"/>
          <line num="11" count="2" type="stmt"/>
          <line num="12" count="2" type="stmt"/>
          <line num="13" count="2" type="stmt"/>
          <line num="16" count="2" type="stmt"/>
          <line num="17" count="2" type="stmt"/>
          <line num="20" count="2" type="stmt"/>
          <line num="21" count="2" type="stmt"/>
          <line num="22" count="2" type="stmt"/>
          <line num="24" count="2" type="stmt"/>
          <line num="27" count="2" type="stmt"/>
          <line num="28" count="2" type="stmt"/>
          <line num="29" count="2" type="stmt"/>
          <line num="30" count="2" type="stmt"/>
          <line num="31" count="2" type="cond" truecount="3" falsecount="1"/>
          <line num="32" count="2" type="stmt"/>
          <line num="33" count="2" type="stmt"/>
          <line num="34" count="2" type="stmt"/>
          <line num="35" count="2" type="stmt"/>
          <line num="37" count="2" type="stmt"/>
          <line num="39" count="0" type="stmt"/>
          <line num="43" count="2" type="stmt"/>
          <line num="44" count="2" type="stmt"/>
          <line num="45" count="2" type="cond" truecount="3" falsecount="1"/>
          <line num="46" count="2" type="stmt"/>
          <line num="47" count="2" type="stmt"/>
          <line num="48" count="2" type="stmt"/>
          <line num="49" count="2" type="stmt"/>
          <line num="52" count="0" type="stmt"/>
        </file>
      </package>
      <package name="model">
        <metrics statements="38" coveredstatements="30" conditionals="8" coveredconditionals="1" methods="15" coveredmethods="11"/>
        <file name="gallery.js" path="/Users/maddys87/codefellows/401/week4/labs/17-bearer-auth/lab-maddy/model/gallery.js">
          <metrics statements="3" coveredstatements="3" conditionals="0" coveredconditionals="0" methods="0" coveredmethods="0"/>
          <line num="3" count="2" type="stmt"/>
          <line num="5" count="2" type="stmt"/>
          <line num="11" count="2" type="stmt"/>
        </file>
        <file name="user.js" path="/Users/maddys87/codefellows/401/week4/labs/17-bearer-auth/lab-maddy/model/user.js">
          <metrics statements="35" coveredstatements="27" conditionals="8" coveredconditionals="1" methods="15" coveredmethods="11"/>
          <line num="3" count="2" type="stmt"/>
          <line num="4" count="2" type="stmt"/>
          <line num="5" count="2" type="stmt"/>
          <line num="6" count="2" type="stmt"/>
          <line num="8" count="2" type="stmt"/>
          <line num="16" count="2" type="stmt"/>
          <line num="19" count="3" type="stmt"/>
          <line num="20" count="3" type="stmt"/>
          <line num="21" count="3" type="cond" truecount="1" falsecount="1"/>
          <line num="22" count="3" type="stmt"/>
          <line num="23" count="3" type="stmt"/>
          <line num="28" count="2" type="stmt"/>
          <line num="31" count="0" type="stmt"/>
          <line num="32" count="0" type="stmt"/>
          <line num="33" count="0" type="cond" truecount="0" falsecount="2"/>
          <line num="34" count="0" type="cond" truecount="0" falsecount="2"/>
          <line num="35" count="0" type="stmt"/>
          <line num="40" count="2" type="stmt"/>
          <line num="43" count="3" type="stmt"/>
          <line num="44" count="3" type="stmt"/>
          <line num="46" count="3" type="stmt"/>
          <line num="47" count="3" type="stmt"/>
          <line num="48" count="3" type="stmt"/>
          <line num="49" count="3" type="stmt"/>
          <line num="51" count="0" type="cond" truecount="0" falsecount="2"/>
          <line num="52" count="0" type="stmt"/>
          <line num="53" count="0" type="stmt"/>
          <line num="57" count="3" type="stmt"/>
          <line num="77" count="2" type="stmt"/>
          <line num="80" count="3" type="stmt"/>
          <line num="81" count="3" type="stmt"/>
          <line num="82" count="3" type="stmt"/>
          <line num="84" count="3" type="stmt"/>
          <line num="85" count="3" type="stmt"/>
          <line num="90" count="2" type="stmt"/>
        </file>
      </package>
      <package name="route">
        <metrics statements="41" coveredstatements="25" conditionals="0" coveredconditionals="0" methods="21" coveredmethods="6"/>
        <file name="route-auth.js" path="/Users/maddys87/codefellows/401/week4/labs/17-bearer-auth/lab-maddy/route/route-auth.js">
          <metrics statements="22" coveredstatements="15" conditionals="0" coveredconditionals="0" methods="11" coveredmethods="5"/>
          <line num="3" count="2" type="stmt"/>
          <line num="4" count="2" type="stmt"/>
          <line num="5" count="2" type="stmt"/>
          <line num="6" count="2" type="stmt"/>
          <line num="8" count="2" type="stmt"/>
          <line num="9" count="2" type="stmt"/>
          <line num="10" count="1" type="stmt"/>
          <line num="13" count="1" type="stmt"/>
          <line num="14" count="1" type="stmt"/>
          <line num="16" count="1" type="stmt"/>
          <line num="18" count="1" type="stmt"/>
          <line num="20" count="1" type="stmt"/>
          <line num="21" count="1" type="stmt"/>
          <line num="22" count="0" type="stmt"/>
          <line num="23" count="1" type="stmt"/>
          <line num="26" count="2" type="stmt"/>
          <line num="27" count="0" type="stmt"/>
          <line num="29" count="0" type="stmt"/>
          <line num="30" count="0" type="stmt"/>
          <line num="31" count="0" type="stmt"/>
          <line num="32" count="0" type="stmt"/>
          <line num="33" count="0" type="stmt"/>
        </file>
        <file name="route-gallery.js" path="/Users/maddys87/codefellows/401/week4/labs/17-bearer-auth/lab-maddy/route/route-gallery.js">
          <metrics statements="19" coveredstatements="10" conditionals="0" coveredconditionals="0" methods="10" coveredmethods="1"/>
          <line num="3" count="2" type="stmt"/>
          <line num="4" count="2" type="stmt"/>
          <line num="5" count="2" type="stmt"/>
          <line num="6" count="2" type="stmt"/>
          <line num="8" count="2" type="stmt"/>
          <line num="9" count="2" type="stmt"/>
          <line num="10" count="0" type="stmt"/>
          <line num="14" count="0" type="stmt"/>
          <line num="16" count="0" type="stmt"/>
          <line num="17" count="0" type="stmt"/>
          <line num="18" count="0" type="stmt"/>
          <line num="21" count="2" type="stmt"/>
          <line num="22" count="0" type="stmt"/>
          <line num="24" count="0" type="stmt"/>
          <line num="25" count="0" type="stmt"/>
          <line num="26" count="0" type="stmt"/>
          <line num="29" count="2" type="stmt"/>
          <line num="33" count="2" type="stmt"/>
          <line num="37" count="2" type="stmt"/>
        </file>
      </package>
    </metrics>
  </project>
</coverage>
