{"/Users/maddys87/codefellows/401/week4/labs/17-bearer-auth/lab-maddy/__test__/lib/jest-setup.js": {"path":"/Users/maddys87/codefellows/401/week4/labs/17-bearer-auth/lab-maddy/__test__/lib/jest-setup.js","statementMap":{"0":{"start":{"line":3,"column":0},"end":{"line":3,"column":61}}},"fnMap":{},"branchMap":{},"s":{"0":2},"f":{},"b":{},"_coverageSchema":"332fd63041d2c1bcb487cc26dd0d5f7d97098a6c","hash":"0b02a6e2363cc9ce4ced5734ecd264ffc164859c"}
,"/Users/maddys87/codefellows/401/week4/labs/17-bearer-auth/lab-maddy/__test__/lib/mocks.js": {"path":"/Users/maddys87/codefellows/401/week4/labs/17-bearer-auth/lab-maddy/__test__/lib/mocks.js","statementMap":{"0":{"start":{"line":3,"column":13},"end":{"line":3,"column":40}},"1":{"start":{"line":4,"column":16},"end":{"line":4,"column":46}},"2":{"start":{"line":5,"column":14},"end":{"line":5,"column":30}},"3":{"start":{"line":7,"column":14},"end":{"line":7,"column":33}},"4":{"start":{"line":8,"column":0},"end":{"line":8,"column":15}},"5":{"start":{"line":9,"column":0},"end":{"line":9,"column":18}},"6":{"start":{"line":11,"column":0},"end":{"line":30,"column":1}},"7":{"start":{"line":12,"column":15},"end":{"line":12,"column":17}},"8":{"start":{"line":13,"column":2},"end":{"line":13,"column":45}},"9":{"start":{"line":15,"column":13},"end":{"line":18,"column":4}},"10":{"start":{"line":20,"column":2},"end":{"line":29,"column":4}},"11":{"start":{"line":22,"column":4},"end":{"line":22,"column":22}},"12":{"start":{"line":23,"column":4},"end":{"line":23,"column":22}},"13":{"start":{"line":25,"column":16},"end":{"line":25,"column":36}},"14":{"start":{"line":27,"column":4},"end":{"line":27,"column":24}},"15":{"start":{"line":28,"column":4},"end":{"line":28,"column":17}},"16":{"start":{"line":32,"column":0},"end":{"line":45,"column":1}},"17":{"start":{"line":35,"column":2},"end":{"line":44,"column":44}},"18":{"start":{"line":36,"column":20},"end":{"line":36,"column":37}},"19":{"start":{"line":38,"column":4},"end":{"line":42,"column":13}},"20":{"start":{"line":44,"column":19},"end":{"line":44,"column":43}},"21":{"start":{"line":47,"column":0},"end":{"line":51,"column":1}},"22":{"start":{"line":48,"column":2},"end":{"line":50,"column":4}},"23":{"start":{"line":53,"column":0},"end":{"line":57,"column":1}},"24":{"start":{"line":54,"column":2},"end":{"line":56,"column":4}}},"fnMap":{"0":{"name":"(anonymous_0)","decl":{"start":{"line":11,"column":23},"end":{"line":11,"column":24}},"loc":{"start":{"line":11,"column":34},"end":{"line":30,"column":1}},"line":11},"1":{"name":"(anonymous_1)","decl":{"start":{"line":21,"column":8},"end":{"line":21,"column":9}},"loc":{"start":{"line":21,"column":16},"end":{"line":24,"column":3}},"line":21},"2":{"name":"(anonymous_2)","decl":{"start":{"line":25,"column":8},"end":{"line":25,"column":9}},"loc":{"start":{"line":25,"column":16},"end":{"line":25,"column":36}},"line":25},"3":{"name":"(anonymous_3)","decl":{"start":{"line":26,"column":8},"end":{"line":26,"column":9}},"loc":{"start":{"line":26,"column":17},"end":{"line":29,"column":3}},"line":26},"4":{"name":"(anonymous_4)","decl":{"start":{"line":32,"column":26},"end":{"line":32,"column":27}},"loc":{"start":{"line":32,"column":37},"end":{"line":45,"column":1}},"line":32},"5":{"name":"(anonymous_5)","decl":{"start":{"line":36,"column":8},"end":{"line":36,"column":9}},"loc":{"start":{"line":36,"column":20},"end":{"line":36,"column":37}},"line":36},"6":{"name":"(anonymous_6)","decl":{"start":{"line":37,"column":8},"end":{"line":37,"column":9}},"loc":{"start":{"line":37,"column":20},"end":{"line":43,"column":3}},"line":37},"7":{"name":"(anonymous_7)","decl":{"start":{"line":44,"column":8},"end":{"line":44,"column":9}},"loc":{"start":{"line":44,"column":19},"end":{"line":44,"column":43}},"line":44},"8":{"name":"(anonymous_8)","decl":{"start":{"line":47,"column":26},"end":{"line":47,"column":27}},"loc":{"start":{"line":47,"column":37},"end":{"line":51,"column":1}},"line":47},"9":{"name":"(anonymous_9)","decl":{"start":{"line":53,"column":23},"end":{"line":53,"column":24}},"loc":{"start":{"line":53,"column":34},"end":{"line":57,"column":1}},"line":53}},"branchMap":{},"s":{"0":2,"1":2,"2":2,"3":2,"4":2,"5":2,"6":2,"7":2,"8":2,"9":2,"10":2,"11":2,"12":2,"13":2,"14":0,"15":0,"16":2,"17":0,"18":0,"19":0,"20":0,"21":2,"22":5,"23":2,"24":10},"f":{"0":2,"1":2,"2":2,"3":0,"4":0,"5":0,"6":0,"7":0,"8":5,"9":10},"b":{},"_coverageSchema":"332fd63041d2c1bcb487cc26dd0d5f7d97098a6c","hash":"57e2b1bc92717305591805753ba1e213b8a8dcc5"}
,"/Users/maddys87/codefellows/401/week4/labs/17-bearer-auth/lab-maddy/lib/basic-auth-middleware.js": {"path":"/Users/maddys87/codefellows/401/week4/labs/17-bearer-auth/lab-maddy/lib/basic-auth-middleware.js","statementMap":{"0":{"start":{"line":3,"column":14},"end":{"line":3,"column":61}},"1":{"start":{"line":4,"column":21},"end":{"line":4,"column":47}},"2":{"start":{"line":6,"column":0},"end":{"line":25,"column":1}},"3":{"start":{"line":7,"column":2},"end":{"line":7,"column":21}},"4":{"start":{"line":10,"column":20},"end":{"line":10,"column":45}},"5":{"start":{"line":11,"column":2},"end":{"line":11,"column":106}},"6":{"start":{"line":11,"column":19},"end":{"line":11,"column":106}},"7":{"start":{"line":14,"column":18},"end":{"line":14,"column":48}},"8":{"start":{"line":15,"column":2},"end":{"line":15,"column":109}},"9":{"start":{"line":15,"column":17},"end":{"line":15,"column":109}},"10":{"start":{"line":17,"column":29},"end":{"line":17,"column":83}},"11":{"start":{"line":19,"column":2},"end":{"line":19,"column":35}},"12":{"start":{"line":21,"column":2},"end":{"line":21,"column":108}},"13":{"start":{"line":21,"column":25},"end":{"line":21,"column":108}},"14":{"start":{"line":22,"column":2},"end":{"line":22,"column":108}},"15":{"start":{"line":22,"column":25},"end":{"line":22,"column":108}},"16":{"start":{"line":24,"column":2},"end":{"line":24,"column":8}}},"fnMap":{"0":{"name":"(anonymous_0)","decl":{"start":{"line":6,"column":17},"end":{"line":6,"column":18}},"loc":{"start":{"line":6,"column":42},"end":{"line":25,"column":1}},"line":6}},"branchMap":{"0":{"loc":{"start":{"line":11,"column":2},"end":{"line":11,"column":106}},"type":"if","locations":[{"start":{"line":11,"column":2},"end":{"line":11,"column":106}},{"start":{"line":11,"column":2},"end":{"line":11,"column":106}}],"line":11},"1":{"loc":{"start":{"line":15,"column":2},"end":{"line":15,"column":109}},"type":"if","locations":[{"start":{"line":15,"column":2},"end":{"line":15,"column":109}},{"start":{"line":15,"column":2},"end":{"line":15,"column":109}}],"line":15},"2":{"loc":{"start":{"line":21,"column":2},"end":{"line":21,"column":108}},"type":"if","locations":[{"start":{"line":21,"column":2},"end":{"line":21,"column":108}},{"start":{"line":21,"column":2},"end":{"line":21,"column":108}}],"line":21},"3":{"loc":{"start":{"line":22,"column":2},"end":{"line":22,"column":108}},"type":"if","locations":[{"start":{"line":22,"column":2},"end":{"line":22,"column":108}},{"start":{"line":22,"column":2},"end":{"line":22,"column":108}}],"line":22}},"s":{"0":2,"1":2,"2":2,"3":0,"4":0,"5":0,"6":0,"7":0,"8":0,"9":0,"10":0,"11":0,"12":0,"13":0,"14":0,"15":0,"16":0},"f":{"0":0},"b":{"0":[0,0],"1":[0,0],"2":[0,0],"3":[0,0]},"_coverageSchema":"332fd63041d2c1bcb487cc26dd0d5f7d97098a6c","hash":"a35fc42e5fee0de494f2cfe57e8abbd9832a253e"}
,"/Users/maddys87/codefellows/401/week4/labs/17-bearer-auth/lab-maddy/lib/bearer-auth-middleware.js": {"path":"/Users/maddys87/codefellows/401/week4/labs/17-bearer-auth/lab-maddy/lib/bearer-auth-middleware.js","statementMap":{"0":{"start":{"line":3,"column":14},"end":{"line":3,"column":63}},"1":{"start":{"line":4,"column":21},"end":{"line":4,"column":47}},"2":{"start":{"line":5,"column":13},"end":{"line":5,"column":37}},"3":{"start":{"line":6,"column":12},"end":{"line":6,"column":35}},"4":{"start":{"line":8,"column":0},"end":{"line":31,"column":2}},"5":{"start":{"line":9,"column":2},"end":{"line":9,"column":22}},"6":{"start":{"line":11,"column":20},"end":{"line":11,"column":45}},"7":{"start":{"line":12,"column":2},"end":{"line":12,"column":107}},"8":{"start":{"line":12,"column":19},"end":{"line":12,"column":107}},"9":{"start":{"line":14,"column":14},"end":{"line":14,"column":45}},"10":{"start":{"line":15,"column":2},"end":{"line":15,"column":94}},"11":{"start":{"line":15,"column":13},"end":{"line":15,"column":94}},"12":{"start":{"line":17,"column":2},"end":{"line":30,"column":5}},"13":{"start":{"line":18,"column":4},"end":{"line":21,"column":5}},"14":{"start":{"line":19,"column":6},"end":{"line":19,"column":62}},"15":{"start":{"line":20,"column":6},"end":{"line":20,"column":41}},"16":{"start":{"line":23,"column":4},"end":{"line":29,"column":47}},"17":{"start":{"line":25,"column":6},"end":{"line":25,"column":26}},"18":{"start":{"line":26,"column":6},"end":{"line":26,"column":21}},"19":{"start":{"line":27,"column":6},"end":{"line":27,"column":12}},"20":{"start":{"line":29,"column":18},"end":{"line":29,"column":45}}},"fnMap":{"0":{"name":"(anonymous_0)","decl":{"start":{"line":8,"column":17},"end":{"line":8,"column":18}},"loc":{"start":{"line":8,"column":42},"end":{"line":31,"column":1}},"line":8},"1":{"name":"(anonymous_1)","decl":{"start":{"line":17,"column":44},"end":{"line":17,"column":45}},"loc":{"start":{"line":17,"column":62},"end":{"line":30,"column":3}},"line":17},"2":{"name":"(anonymous_2)","decl":{"start":{"line":24,"column":10},"end":{"line":24,"column":11}},"loc":{"start":{"line":24,"column":18},"end":{"line":28,"column":5}},"line":24},"3":{"name":"(anonymous_3)","decl":{"start":{"line":29,"column":11},"end":{"line":29,"column":12}},"loc":{"start":{"line":29,"column":18},"end":{"line":29,"column":45}},"line":29}},"branchMap":{"0":{"loc":{"start":{"line":12,"column":2},"end":{"line":12,"column":107}},"type":"if","locations":[{"start":{"line":12,"column":2},"end":{"line":12,"column":107}},{"start":{"line":12,"column":2},"end":{"line":12,"column":107}}],"line":12},"1":{"loc":{"start":{"line":15,"column":2},"end":{"line":15,"column":94}},"type":"if","locations":[{"start":{"line":15,"column":2},"end":{"line":15,"column":94}},{"start":{"line":15,"column":2},"end":{"line":15,"column":94}}],"line":15},"2":{"loc":{"start":{"line":18,"column":4},"end":{"line":21,"column":5}},"type":"if","locations":[{"start":{"line":18,"column":4},"end":{"line":21,"column":5}},{"start":{"line":18,"column":4},"end":{"line":21,"column":5}}],"line":18}},"s":{"0":2,"1":2,"2":2,"3":2,"4":2,"5":2,"6":2,"7":2,"8":1,"9":1,"10":1,"11":0,"12":1,"13":1,"14":1,"15":1,"16":0,"17":0,"18":0,"19":0,"20":0},"f":{"0":2,"1":1,"2":0,"3":0},"b":{"0":[1,1],"1":[0,1],"2":[1,0]},"_coverageSchema":"332fd63041d2c1bcb487cc26dd0d5f7d97098a6c","hash":"187752bf940cd431e45050109d7bae8d89aa6994"}
,"/Users/maddys87/codefellows/401/week4/labs/17-bearer-auth/lab-maddy/lib/error-handler.js": {"path":"/Users/maddys87/codefellows/401/week4/labs/17-bearer-auth/lab-maddy/lib/error-handler.js","statementMap":{"0":{"start":{"line":3,"column":14},"end":{"line":3,"column":54}},"1":{"start":{"line":5,"column":0},"end":{"line":17,"column":1}},"2":{"start":{"line":6,"column":2},"end":{"line":6,"column":43}},"3":{"start":{"line":8,"column":12},"end":{"line":8,"column":37}},"4":{"start":{"line":10,"column":2},"end":{"line":16,"column":3}},"5":{"start":{"line":11,"column":47},"end":{"line":11,"column":109}},"6":{"start":{"line":12,"column":44},"end":{"line":12,"column":106}},"7":{"start":{"line":13,"column":40},"end":{"line":13,"column":102}},"8":{"start":{"line":14,"column":42},"end":{"line":14,"column":104}},"9":{"start":{"line":15,"column":13},"end":{"line":15,"column":75}}},"fnMap":{"0":{"name":"(anonymous_0)","decl":{"start":{"line":5,"column":17},"end":{"line":5,"column":18}},"loc":{"start":{"line":5,"column":41},"end":{"line":17,"column":1}},"line":5}},"branchMap":{"0":{"loc":{"start":{"line":10,"column":2},"end":{"line":16,"column":3}},"type":"switch","locations":[{"start":{"line":11,"column":4},"end":{"line":11,"column":109}},{"start":{"line":12,"column":4},"end":{"line":12,"column":106}},{"start":{"line":13,"column":4},"end":{"line":13,"column":102}},{"start":{"line":14,"column":4},"end":{"line":14,"column":104}},{"start":{"line":15,"column":4},"end":{"line":15,"column":75}}],"line":10}},"s":{"0":2,"1":2,"2":3,"3":3,"4":3,"5":2,"6":0,"7":0,"8":0,"9":1},"f":{"0":3},"b":{"0":[2,0,0,0,1]},"_coverageSchema":"332fd63041d2c1bcb487cc26dd0d5f7d97098a6c","hash":"6fa79352abddb0b75da53df330c3b4ff829e2324"}
,"/Users/maddys87/codefellows/401/week4/labs/17-bearer-auth/lab-maddy/lib/server.js": {"path":"/Users/maddys87/codefellows/401/week4/labs/17-bearer-auth/lab-maddy/lib/server.js","statementMap":{"0":{"start":{"line":3,"column":14},"end":{"line":3,"column":47}},"1":{"start":{"line":6,"column":16},"end":{"line":6,"column":34}},"2":{"start":{"line":7,"column":15},"end":{"line":7,"column":31}},"3":{"start":{"line":8,"column":12},"end":{"line":8,"column":21}},"4":{"start":{"line":11,"column":17},"end":{"line":11,"column":36}},"5":{"start":{"line":12,"column":0},"end":{"line":12,"column":38}},"6":{"start":{"line":13,"column":22},"end":{"line":13,"column":89}},"7":{"start":{"line":16,"column":0},"end":{"line":16,"column":38}},"8":{"start":{"line":17,"column":0},"end":{"line":17,"column":41}},"9":{"start":{"line":20,"column":0},"end":{"line":20,"column":38}},"10":{"start":{"line":21,"column":0},"end":{"line":21,"column":26}},"11":{"start":{"line":22,"column":0},"end":{"line":22,"column":15}},"12":{"start":{"line":24,"column":0},"end":{"line":24,"column":48}},"13":{"start":{"line":24,"column":28},"end":{"line":24,"column":47}},"14":{"start":{"line":27,"column":15},"end":{"line":27,"column":34}},"15":{"start":{"line":28,"column":0},"end":{"line":28,"column":20}},"16":{"start":{"line":29,"column":0},"end":{"line":41,"column":1}},"17":{"start":{"line":30,"column":2},"end":{"line":40,"column":4}},"18":{"start":{"line":31,"column":4},"end":{"line":38,"column":5}},"19":{"start":{"line":32,"column":6},"end":{"line":36,"column":8}},"20":{"start":{"line":33,"column":8},"end":{"line":33,"column":49}},"21":{"start":{"line":34,"column":8},"end":{"line":34,"column":27}},"22":{"start":{"line":35,"column":8},"end":{"line":35,"column":18}},"23":{"start":{"line":37,"column":6},"end":{"line":37,"column":12}},"24":{"start":{"line":39,"column":4},"end":{"line":39,"column":47}},"25":{"start":{"line":43,"column":0},"end":{"line":54,"column":1}},"26":{"start":{"line":44,"column":2},"end":{"line":53,"column":4}},"27":{"start":{"line":45,"column":4},"end":{"line":51,"column":5}},"28":{"start":{"line":46,"column":6},"end":{"line":50,"column":8}},"29":{"start":{"line":47,"column":8},"end":{"line":47,"column":31}},"30":{"start":{"line":48,"column":8},"end":{"line":48,"column":27}},"31":{"start":{"line":49,"column":8},"end":{"line":49,"column":17}},"32":{"start":{"line":52,"column":4},"end":{"line":52,"column":50}}},"fnMap":{"0":{"name":"(anonymous_0)","decl":{"start":{"line":24,"column":14},"end":{"line":24,"column":15}},"loc":{"start":{"line":24,"column":28},"end":{"line":24,"column":47}},"line":24},"1":{"name":"(anonymous_1)","decl":{"start":{"line":29,"column":15},"end":{"line":29,"column":16}},"loc":{"start":{"line":29,"column":21},"end":{"line":41,"column":1}},"line":29},"2":{"name":"(anonymous_2)","decl":{"start":{"line":30,"column":21},"end":{"line":30,"column":22}},"loc":{"start":{"line":30,"column":42},"end":{"line":40,"column":3}},"line":30},"3":{"name":"(anonymous_3)","decl":{"start":{"line":32,"column":49},"end":{"line":32,"column":50}},"loc":{"start":{"line":32,"column":55},"end":{"line":36,"column":7}},"line":32},"4":{"name":"(anonymous_4)","decl":{"start":{"line":43,"column":14},"end":{"line":43,"column":15}},"loc":{"start":{"line":43,"column":20},"end":{"line":54,"column":1}},"line":43},"5":{"name":"(anonymous_5)","decl":{"start":{"line":44,"column":21},"end":{"line":44,"column":22}},"loc":{"start":{"line":44,"column":42},"end":{"line":53,"column":3}},"line":44},"6":{"name":"(anonymous_6)","decl":{"start":{"line":46,"column":31},"end":{"line":46,"column":32}},"loc":{"start":{"line":46,"column":37},"end":{"line":50,"column":7}},"line":46}},"branchMap":{"0":{"loc":{"start":{"line":31,"column":4},"end":{"line":38,"column":5}},"type":"if","locations":[{"start":{"line":31,"column":4},"end":{"line":38,"column":5}},{"start":{"line":31,"column":4},"end":{"line":38,"column":5}}],"line":31},"1":{"loc":{"start":{"line":31,"column":7},"end":{"line":31,"column":30}},"type":"binary-expr","locations":[{"start":{"line":31,"column":7},"end":{"line":31,"column":14}},{"start":{"line":31,"column":18},"end":{"line":31,"column":30}}],"line":31},"2":{"loc":{"start":{"line":45,"column":4},"end":{"line":51,"column":5}},"type":"if","locations":[{"start":{"line":45,"column":4},"end":{"line":51,"column":5}},{"start":{"line":45,"column":4},"end":{"line":51,"column":5}}],"line":45},"3":{"loc":{"start":{"line":45,"column":7},"end":{"line":45,"column":33}},"type":"binary-expr","locations":[{"start":{"line":45,"column":7},"end":{"line":45,"column":18}},{"start":{"line":45,"column":22},"end":{"line":45,"column":33}}],"line":45}},"s":{"0":2,"1":2,"2":2,"3":2,"4":2,"5":2,"6":2,"7":2,"8":2,"9":2,"10":2,"11":2,"12":2,"13":1,"14":2,"15":2,"16":2,"17":2,"18":2,"19":2,"20":2,"21":2,"22":2,"23":2,"24":0,"25":2,"26":2,"27":2,"28":2,"29":2,"30":2,"31":2,"32":0},"f":{"0":1,"1":2,"2":2,"3":2,"4":2,"5":2,"6":2},"b":{"0":[2,0],"1":[2,2],"2":[2,0],"3":[2,2]},"_coverageSchema":"332fd63041d2c1bcb487cc26dd0d5f7d97098a6c","hash":"e79115d682717c51cbc1becce7d4ae5b449202b0"}
,"/Users/maddys87/codefellows/401/week4/labs/17-bearer-auth/lab-maddy/model/gallery.js": {"path":"/Users/maddys87/codefellows/401/week4/labs/17-bearer-auth/lab-maddy/model/gallery.js","statementMap":{"0":{"start":{"line":3,"column":17},"end":{"line":3,"column":36}},"1":{"start":{"line":5,"column":16},"end":{"line":9,"column":24}},"2":{"start":{"line":11,"column":0},"end":{"line":11,"column":52}}},"fnMap":{},"branchMap":{},"s":{"0":2,"1":2,"2":2},"f":{},"b":{},"_coverageSchema":"332fd63041d2c1bcb487cc26dd0d5f7d97098a6c","hash":"9133498c046c12a5b843dcccf62f2ac9ffd74e3e"}
,"/Users/maddys87/codefellows/401/week4/labs/17-bearer-auth/lab-maddy/model/user.js": {"path":"/Users/maddys87/codefellows/401/week4/labs/17-bearer-auth/lab-maddy/model/user.js","statementMap":{"0":{"start":{"line":3,"column":17},"end":{"line":3,"column":36}},"1":{"start":{"line":4,"column":12},"end":{"line":4,"column":35}},"2":{"start":{"line":5,"column":15},"end":{"line":5,"column":32}},"3":{"start":{"line":6,"column":15},"end":{"line":6,"column":32}},"4":{"start":{"line":8,"column":13},"end":{"line":14,"column":2}},"5":{"start":{"line":16,"column":0},"end":{"line":26,"column":2}},"6":{"start":{"line":19,"column":2},"end":{"line":25,"column":5}},"7":{"start":{"line":20,"column":4},"end":{"line":24,"column":7}},"8":{"start":{"line":21,"column":6},"end":{"line":21,"column":33}},"9":{"start":{"line":21,"column":14},"end":{"line":21,"column":33}},"10":{"start":{"line":22,"column":6},"end":{"line":22,"column":27}},"11":{"start":{"line":23,"column":6},"end":{"line":23,"column":20}},"12":{"start":{"line":28,"column":0},"end":{"line":38,"column":2}},"13":{"start":{"line":31,"column":2},"end":{"line":37,"column":5}},"14":{"start":{"line":32,"column":4},"end":{"line":36,"column":7}},"15":{"start":{"line":33,"column":6},"end":{"line":33,"column":33}},"16":{"start":{"line":33,"column":14},"end":{"line":33,"column":33}},"17":{"start":{"line":34,"column":6},"end":{"line":34,"column":90}},"18":{"start":{"line":34,"column":17},"end":{"line":34,"column":90}},"19":{"start":{"line":35,"column":6},"end":{"line":35,"column":20}},"20":{"start":{"line":40,"column":0},"end":{"line":75,"column":2}},"21":{"start":{"line":43,"column":2},"end":{"line":74,"column":5}},"22":{"start":{"line":44,"column":16},"end":{"line":44,"column":17}},"23":{"start":{"line":46,"column":28},"end":{"line":55,"column":5}},"24":{"start":{"line":47,"column":6},"end":{"line":47,"column":61}},"25":{"start":{"line":48,"column":6},"end":{"line":54,"column":11}},"26":{"start":{"line":49,"column":20},"end":{"line":49,"column":42}},"27":{"start":{"line":51,"column":10},"end":{"line":51,"column":102}},"28":{"start":{"line":51,"column":24},"end":{"line":51,"column":102}},"29":{"start":{"line":52,"column":10},"end":{"line":52,"column":18}},"30":{"start":{"line":53,"column":10},"end":{"line":53,"column":30}},"31":{"start":{"line":57,"column":4},"end":{"line":57,"column":24}},"32":{"start":{"line":77,"column":0},"end":{"line":88,"column":2}},"33":{"start":{"line":80,"column":2},"end":{"line":87,"column":5}},"34":{"start":{"line":81,"column":4},"end":{"line":86,"column":9}},"35":{"start":{"line":82,"column":24},"end":{"line":82,"column":86}},"36":{"start":{"line":84,"column":8},"end":{"line":84,"column":27}},"37":{"start":{"line":85,"column":8},"end":{"line":85,"column":20}},"38":{"start":{"line":90,"column":0},"end":{"line":90,"column":45}}},"fnMap":{"0":{"name":"(anonymous_0)","decl":{"start":{"line":16,"column":36},"end":{"line":16,"column":37}},"loc":{"start":{"line":16,"column":55},"end":{"line":26,"column":1}},"line":16},"1":{"name":"(anonymous_1)","decl":{"start":{"line":19,"column":21},"end":{"line":19,"column":22}},"loc":{"start":{"line":19,"column":42},"end":{"line":25,"column":3}},"line":19},"2":{"name":"(anonymous_2)","decl":{"start":{"line":20,"column":30},"end":{"line":20,"column":31}},"loc":{"start":{"line":20,"column":45},"end":{"line":24,"column":5}},"line":20},"3":{"name":"(anonymous_3)","decl":{"start":{"line":28,"column":35},"end":{"line":28,"column":36}},"loc":{"start":{"line":28,"column":54},"end":{"line":38,"column":1}},"line":28},"4":{"name":"(anonymous_4)","decl":{"start":{"line":31,"column":21},"end":{"line":31,"column":22}},"loc":{"start":{"line":31,"column":42},"end":{"line":37,"column":3}},"line":31},"5":{"name":"(anonymous_5)","decl":{"start":{"line":32,"column":44},"end":{"line":32,"column":45}},"loc":{"start":{"line":32,"column":60},"end":{"line":36,"column":5}},"line":32},"6":{"name":"(anonymous_6)","decl":{"start":{"line":40,"column":32},"end":{"line":40,"column":33}},"loc":{"start":{"line":40,"column":43},"end":{"line":75,"column":1}},"line":40},"7":{"name":"(anonymous_7)","decl":{"start":{"line":43,"column":21},"end":{"line":43,"column":22}},"loc":{"start":{"line":43,"column":42},"end":{"line":74,"column":3}},"line":43},"8":{"name":"(anonymous_8)","decl":{"start":{"line":46,"column":28},"end":{"line":46,"column":29}},"loc":{"start":{"line":46,"column":34},"end":{"line":55,"column":5}},"line":46},"9":{"name":"(anonymous_9)","decl":{"start":{"line":49,"column":14},"end":{"line":49,"column":15}},"loc":{"start":{"line":49,"column":20},"end":{"line":49,"column":42}},"line":49},"10":{"name":"(anonymous_10)","decl":{"start":{"line":50,"column":15},"end":{"line":50,"column":16}},"loc":{"start":{"line":50,"column":22},"end":{"line":54,"column":9}},"line":50},"11":{"name":"(anonymous_11)","decl":{"start":{"line":77,"column":29},"end":{"line":77,"column":30}},"loc":{"start":{"line":77,"column":40},"end":{"line":88,"column":1}},"line":77},"12":{"name":"(anonymous_12)","decl":{"start":{"line":80,"column":21},"end":{"line":80,"column":22}},"loc":{"start":{"line":80,"column":42},"end":{"line":87,"column":3}},"line":80},"13":{"name":"(anonymous_13)","decl":{"start":{"line":82,"column":12},"end":{"line":82,"column":13}},"loc":{"start":{"line":82,"column":24},"end":{"line":82,"column":86}},"line":82},"14":{"name":"(anonymous_14)","decl":{"start":{"line":83,"column":13},"end":{"line":83,"column":14}},"loc":{"start":{"line":83,"column":20},"end":{"line":86,"column":7}},"line":83}},"branchMap":{"0":{"loc":{"start":{"line":21,"column":6},"end":{"line":21,"column":33}},"type":"if","locations":[{"start":{"line":21,"column":6},"end":{"line":21,"column":33}},{"start":{"line":21,"column":6},"end":{"line":21,"column":33}}],"line":21},"1":{"loc":{"start":{"line":33,"column":6},"end":{"line":33,"column":33}},"type":"if","locations":[{"start":{"line":33,"column":6},"end":{"line":33,"column":33}},{"start":{"line":33,"column":6},"end":{"line":33,"column":33}}],"line":33},"2":{"loc":{"start":{"line":34,"column":6},"end":{"line":34,"column":90}},"type":"if","locations":[{"start":{"line":34,"column":6},"end":{"line":34,"column":90}},{"start":{"line":34,"column":6},"end":{"line":34,"column":90}}],"line":34},"3":{"loc":{"start":{"line":51,"column":10},"end":{"line":51,"column":102}},"type":"if","locations":[{"start":{"line":51,"column":10},"end":{"line":51,"column":102}},{"start":{"line":51,"column":10},"end":{"line":51,"column":102}}],"line":51}},"s":{"0":2,"1":2,"2":2,"3":2,"4":2,"5":2,"6":3,"7":3,"8":3,"9":0,"10":3,"11":3,"12":2,"13":0,"14":0,"15":0,"16":0,"17":0,"18":0,"19":0,"20":2,"21":3,"22":3,"23":3,"24":3,"25":3,"26":3,"27":0,"28":0,"29":0,"30":0,"31":3,"32":2,"33":3,"34":3,"35":3,"36":3,"37":3,"38":2},"f":{"0":3,"1":3,"2":3,"3":0,"4":0,"5":0,"6":3,"7":3,"8":3,"9":3,"10":0,"11":3,"12":3,"13":3,"14":3},"b":{"0":[0,3],"1":[0,0],"2":[0,0],"3":[0,0]},"_coverageSchema":"332fd63041d2c1bcb487cc26dd0d5f7d97098a6c","hash":"bd640ed69259d97ac470720e496c87867b2f73ff"}
,"/Users/maddys87/codefellows/401/week4/labs/17-bearer-auth/lab-maddy/route/route-auth.js": {"path":"/Users/maddys87/codefellows/401/week4/labs/17-bearer-auth/lab-maddy/route/route-auth.js","statementMap":{"0":{"start":{"line":3,"column":14},"end":{"line":3,"column":51}},"1":{"start":{"line":4,"column":21},"end":{"line":4,"column":52}},"2":{"start":{"line":5,"column":18},"end":{"line":5,"column":57}},"3":{"start":{"line":6,"column":13},"end":{"line":6,"column":37}},"4":{"start":{"line":8,"column":0},"end":{"line":35,"column":1}},"5":{"start":{"line":9,"column":2},"end":{"line":24,"column":4}},"6":{"start":{"line":10,"column":4},"end":{"line":10,"column":29}},"7":{"start":{"line":13,"column":13},"end":{"line":13,"column":30}},"8":{"start":{"line":14,"column":4},"end":{"line":14,"column":28}},"9":{"start":{"line":16,"column":18},"end":{"line":16,"column":36}},"10":{"start":{"line":18,"column":4},"end":{"line":23,"column":46}},"11":{"start":{"line":20,"column":19},"end":{"line":20,"column":31}},"12":{"start":{"line":21,"column":19},"end":{"line":21,"column":40}},"13":{"start":{"line":22,"column":19},"end":{"line":22,"column":34}},"14":{"start":{"line":23,"column":18},"end":{"line":23,"column":45}},"15":{"start":{"line":26,"column":2},"end":{"line":34,"column":4}},"16":{"start":{"line":27,"column":4},"end":{"line":27,"column":28}},"17":{"start":{"line":29,"column":4},"end":{"line":33,"column":46}},"18":{"start":{"line":30,"column":18},"end":{"line":30,"column":61}},"19":{"start":{"line":31,"column":18},"end":{"line":31,"column":38}},"20":{"start":{"line":32,"column":19},"end":{"line":32,"column":34}},"21":{"start":{"line":33,"column":18},"end":{"line":33,"column":45}}},"fnMap":{"0":{"name":"(anonymous_0)","decl":{"start":{"line":8,"column":17},"end":{"line":8,"column":18}},"loc":{"start":{"line":8,"column":34},"end":{"line":35,"column":1}},"line":8},"1":{"name":"(anonymous_1)","decl":{"start":{"line":9,"column":29},"end":{"line":9,"column":30}},"loc":{"start":{"line":9,"column":43},"end":{"line":24,"column":3}},"line":9},"2":{"name":"(anonymous_2)","decl":{"start":{"line":20,"column":10},"end":{"line":20,"column":11}},"loc":{"start":{"line":20,"column":19},"end":{"line":20,"column":31}},"line":20},"3":{"name":"(anonymous_3)","decl":{"start":{"line":21,"column":10},"end":{"line":21,"column":11}},"loc":{"start":{"line":21,"column":19},"end":{"line":21,"column":40}},"line":21},"4":{"name":"(anonymous_4)","decl":{"start":{"line":22,"column":10},"end":{"line":22,"column":11}},"loc":{"start":{"line":22,"column":19},"end":{"line":22,"column":34}},"line":22},"5":{"name":"(anonymous_5)","decl":{"start":{"line":23,"column":11},"end":{"line":23,"column":12}},"loc":{"start":{"line":23,"column":18},"end":{"line":23,"column":45}},"line":23},"6":{"name":"(anonymous_6)","decl":{"start":{"line":26,"column":39},"end":{"line":26,"column":40}},"loc":{"start":{"line":26,"column":53},"end":{"line":34,"column":3}},"line":26},"7":{"name":"(anonymous_7)","decl":{"start":{"line":30,"column":10},"end":{"line":30,"column":11}},"loc":{"start":{"line":30,"column":18},"end":{"line":30,"column":61}},"line":30},"8":{"name":"(anonymous_8)","decl":{"start":{"line":31,"column":10},"end":{"line":31,"column":11}},"loc":{"start":{"line":31,"column":18},"end":{"line":31,"column":38}},"line":31},"9":{"name":"(anonymous_9)","decl":{"start":{"line":32,"column":10},"end":{"line":32,"column":11}},"loc":{"start":{"line":32,"column":19},"end":{"line":32,"column":34}},"line":32},"10":{"name":"(anonymous_10)","decl":{"start":{"line":33,"column":11},"end":{"line":33,"column":12}},"loc":{"start":{"line":33,"column":18},"end":{"line":33,"column":45}},"line":33}},"branchMap":{},"s":{"0":2,"1":2,"2":2,"3":2,"4":2,"5":2,"6":1,"7":1,"8":1,"9":1,"10":1,"11":1,"12":1,"13":0,"14":1,"15":2,"16":0,"17":0,"18":0,"19":0,"20":0,"21":0},"f":{"0":2,"1":1,"2":1,"3":1,"4":0,"5":1,"6":0,"7":0,"8":0,"9":0,"10":0},"b":{},"_coverageSchema":"332fd63041d2c1bcb487cc26dd0d5f7d97098a6c","hash":"3e91991bc0e037f3ee3ec230262dd67cfa6b73cc"}
,"/Users/maddys87/codefellows/401/week4/labs/17-bearer-auth/lab-maddy/route/route-gallery.js": {"path":"/Users/maddys87/codefellows/401/week4/labs/17-bearer-auth/lab-maddy/route/route-gallery.js","statementMap":{"0":{"start":{"line":3,"column":16},"end":{"line":3,"column":43}},"1":{"start":{"line":4,"column":21},"end":{"line":4,"column":52}},"2":{"start":{"line":5,"column":14},"end":{"line":5,"column":54}},"3":{"start":{"line":6,"column":19},"end":{"line":6,"column":59}},"4":{"start":{"line":8,"column":0},"end":{"line":40,"column":1}},"5":{"start":{"line":9,"column":2},"end":{"line":19,"column":4}},"6":{"start":{"line":10,"column":4},"end":{"line":10,"column":30}},"7":{"start":{"line":14,"column":4},"end":{"line":14,"column":34}},"8":{"start":{"line":16,"column":4},"end":{"line":18,"column":46}},"9":{"start":{"line":17,"column":21},"end":{"line":17,"column":50}},"10":{"start":{"line":18,"column":18},"end":{"line":18,"column":45}},"11":{"start":{"line":21,"column":2},"end":{"line":27,"column":4}},"12":{"start":{"line":22,"column":4},"end":{"line":22,"column":34}},"13":{"start":{"line":24,"column":4},"end":{"line":26,"column":46}},"14":{"start":{"line":25,"column":21},"end":{"line":25,"column":38}},"15":{"start":{"line":26,"column":18},"end":{"line":26,"column":45}},"16":{"start":{"line":29,"column":2},"end":{"line":31,"column":4}},"17":{"start":{"line":33,"column":2},"end":{"line":35,"column":4}},"18":{"start":{"line":37,"column":2},"end":{"line":39,"column":4}}},"fnMap":{"0":{"name":"(anonymous_0)","decl":{"start":{"line":8,"column":17},"end":{"line":8,"column":18}},"loc":{"start":{"line":8,"column":34},"end":{"line":40,"column":1}},"line":8},"1":{"name":"(anonymous_1)","decl":{"start":{"line":9,"column":42},"end":{"line":9,"column":43}},"loc":{"start":{"line":9,"column":56},"end":{"line":19,"column":3}},"line":9},"2":{"name":"(anonymous_2)","decl":{"start":{"line":17,"column":10},"end":{"line":17,"column":11}},"loc":{"start":{"line":17,"column":21},"end":{"line":17,"column":50}},"line":17},"3":{"name":"(anonymous_3)","decl":{"start":{"line":18,"column":11},"end":{"line":18,"column":12}},"loc":{"start":{"line":18,"column":18},"end":{"line":18,"column":45}},"line":18},"4":{"name":"(anonymous_4)","decl":{"start":{"line":21,"column":46},"end":{"line":21,"column":47}},"loc":{"start":{"line":21,"column":60},"end":{"line":27,"column":3}},"line":21},"5":{"name":"(anonymous_5)","decl":{"start":{"line":25,"column":10},"end":{"line":25,"column":11}},"loc":{"start":{"line":25,"column":21},"end":{"line":25,"column":38}},"line":25},"6":{"name":"(anonymous_6)","decl":{"start":{"line":26,"column":11},"end":{"line":26,"column":12}},"loc":{"start":{"line":26,"column":18},"end":{"line":26,"column":45}},"line":26},"7":{"name":"(anonymous_7)","decl":{"start":{"line":29,"column":29},"end":{"line":29,"column":30}},"loc":{"start":{"line":29,"column":43},"end":{"line":31,"column":3}},"line":29},"8":{"name":"(anonymous_8)","decl":{"start":{"line":33,"column":29},"end":{"line":33,"column":30}},"loc":{"start":{"line":33,"column":43},"end":{"line":35,"column":3}},"line":33},"9":{"name":"(anonymous_9)","decl":{"start":{"line":37,"column":32},"end":{"line":37,"column":33}},"loc":{"start":{"line":37,"column":46},"end":{"line":39,"column":3}},"line":37}},"branchMap":{},"s":{"0":2,"1":2,"2":2,"3":2,"4":2,"5":2,"6":0,"7":0,"8":0,"9":0,"10":0,"11":2,"12":0,"13":0,"14":0,"15":0,"16":2,"17":2,"18":2},"f":{"0":2,"1":0,"2":0,"3":0,"4":0,"5":0,"6":0,"7":0,"8":0,"9":0},"b":{},"_coverageSchema":"332fd63041d2c1bcb487cc26dd0d5f7d97098a6c","hash":"2b5a56aea2619de67f6799cfd5a4711660d1ff9b"}
}
